# JRE version: OpenJDK Runtime Environment Temurin-21.0.6+7 (21.0.6+7) (build 21.0.6+7-LTS)
# Java VM: OpenJDK 64-Bit Server VM Temurin-21.0.6+7 (21.0.6+7-LTS, mixed mode, sharing, tiered, compressed oops, compressed class ptrs, g1 gc, windows-amd64)
GC Precious Log:
 CardTable entry size: 512
 Card Set container configuration: InlinePtr #cards 4 size 8 Array Of Cards #cards 16 size 48 Howl #buckets 8 coarsen threshold 3686 Howl Bitmap #cards 512 size 80 coarsen threshold 460 Card regions per heap region 1 cards per card region 4096
 CPUs: 8 total, 8 available
 Memory: 15754M
 Large Page Support: Disabled
 NUMA Support: Disabled
 Compressed Oops: Enabled (Zero based)
 Heap Region Size: 2M
 Heap Min Capacity: 8M
 Heap Initial Capacity: 248M
 Heap Max Capacity: 3940M
 Pre-touch: Disabled
 Parallel Workers: 8
 Concurrent Workers: 2
 Concurrent Refinement Workers: 8
 Periodic GC: Disabled
Heap:
 garbage-first heap   total 14336K, used 3336K [0x0000000709c00000, 0x0000000800000000)
  region size 2048K, 1 young (2048K), 0 survivors (0K)
 Metaspace       used 5290K, committed 5568K, reserved 1114112K
  class space    used 571K, committed 704K, reserved 1048576K
GC Heap History (20 events):
Event: 5583.542 GC heap after
{Heap after GC invocations=537 (full 537):
 garbage-first heap   total 14336K, used 3336K [0x0000000709c00000, 0x0000000800000000)
  region size 2048K, 0 young (0K), 0 survivors (0K)
 Metaspace       used 5290K, committed 5568K, reserved 1114112K
  class space    used 571K, committed 704K, reserved 1048576K
}
Event: 5593.713 GC heap before
{Heap before GC invocations=537 (full 537):
 garbage-first heap   total 14336K, used 3336K [0x0000000709c00000, 0x0000000800000000)
  region size 2048K, 1 young (2048K), 0 survivors (0K)
 Metaspace       used 5290K, committed 5568K, reserved 1114112K
  class space    used 571K, committed 704K, reserved 1048576K
}
Event: 5593.726 GC heap after
{Heap after GC invocations=538 (full 538):
 garbage-first heap   total 14336K, used 3336K [0x0000000709c00000, 0x0000000800000000)
  region size 2048K, 0 young (0K), 0 survivors (0K)
 Metaspace       used 5290K, committed 5568K, reserved 1114112K
  class space    used 571K, committed 704K, reserved 1048576K
}
Event: 5603.927 GC heap before
{Heap before GC invocations=538 (full 538):
 garbage-first heap   total 14336K, used 3336K [0x0000000709c00000, 0x0000000800000000)
  region size 2048K, 1 young (2048K), 0 survivors (0K)
 Metaspace       used 5290K, committed 5568K, reserved 1114112K
  class space    used 571K, committed 704K, reserved 1048576K
}
Event: 5603.938 GC heap after
{Heap after GC invocations=539 (full 539):
 garbage-first heap   total 14336K, used 3336K [0x0000000709c00000, 0x0000000800000000)
  region size 2048K, 0 young (0K), 0 survivors (0K)
 Metaspace       used 5290K, committed 5568K, reserved 1114112K
  class space    used 571K, committed 704K, reserved 1048576K
}
Event: 5614.109 GC heap before
{Heap before GC invocations=539 (full 539):
 garbage-first heap   total 14336K, used 3336K [0x0000000709c00000, 0x0000000800000000)
  region size 2048K, 1 young (2048K), 0 survivors (0K)
 Metaspace       used 5290K, committed 5568K, reserved 1114112K
  class space    used 571K, committed 704K, reserved 1048576K
}
Event: 5614.120 GC heap after
{Heap after GC invocations=540 (full 540):
 garbage-first heap   total 14336K, used 3336K [0x0000000709c00000, 0x0000000800000000)
  region size 2048K, 0 young (0K), 0 survivors (0K)
 Metaspace       used 5290K, committed 5568K, reserved 1114112K
  class space    used 571K, committed 704K, reserved 1048576K
}
Event: 5624.295 GC heap before
{Heap before GC invocations=540 (full 540):
 garbage-first heap   total 14336K, used 3336K [0x0000000709c00000, 0x0000000800000000)
  region size 2048K, 1 young (2048K), 0 survivors (0K)
 Metaspace       used 5290K, committed 5568K, reserved 1114112K
  class space    used 571K, committed 704K, reserved 1048576K
}
Event: 5624.305 GC heap after
{Heap after GC invocations=541 (full 541):
 garbage-first heap   total 14336K, used 3336K [0x0000000709c00000, 0x0000000800000000)
  region size 2048K, 0 young (0K), 0 survivors (0K)
 Metaspace       used 5290K, committed 5568K, reserved 1114112K
  class space    used 571K, committed 704K, reserved 1048576K
}
Event: 5634.469 GC heap before
{Heap before GC invocations=541 (full 541):
 garbage-first heap   total 14336K, used 3336K [0x0000000709c00000, 0x0000000800000000)
  region size 2048K, 1 young (2048K), 0 survivors (0K)
 Metaspace       used 5290K, committed 5568K, reserved 1114112K
  class space    used 571K, committed 704K, reserved 1048576K
}
Event: 5634.480 GC heap after
{Heap after GC invocations=542 (full 542):
 garbage-first heap   total 14336K, used 3336K [0x0000000709c00000, 0x0000000800000000)
  region size 2048K, 0 young (0K), 0 survivors (0K)
 Metaspace       used 5290K, committed 5568K, reserved 1114112K
  class space    used 571K, committed 704K, reserved 1048576K
}
Event: 5644.636 GC heap before
{Heap before GC invocations=542 (full 542):
 garbage-first heap   total 14336K, used 3336K [0x0000000709c00000, 0x0000000800000000)
  region size 2048K, 1 young (2048K), 0 survivors (0K)
 Metaspace       used 5290K, committed 5568K, reserved 1114112K
  class space    used 571K, committed 704K, reserved 1048576K
}
Event: 5644.647 GC heap after
{Heap after GC invocations=543 (full 543):
 garbage-first heap   total 14336K, used 3336K [0x0000000709c00000, 0x0000000800000000)
  region size 2048K, 0 young (0K), 0 survivors (0K)
 Metaspace       used 5290K, committed 5568K, reserved 1114112K
  class space    used 571K, committed 704K, reserved 1048576K
}
Event: 5654.829 GC heap before
{Heap before GC invocations=543 (full 543):
 garbage-first heap   total 14336K, used 3336K [0x0000000709c00000, 0x0000000800000000)
  region size 2048K, 1 young (2048K), 0 survivors (0K)
 Metaspace       used 5290K, committed 5568K, reserved 1114112K
  class space    used 571K, committed 704K, reserved 1048576K
}
Event: 5654.839 GC heap after
{Heap after GC invocations=544 (full 544):
 garbage-first heap   total 14336K, used 3336K [0x0000000709c00000, 0x0000000800000000)
  region size 2048K, 0 young (0K), 0 survivors (0K)
 Metaspace       used 5290K, committed 5568K, reserved 1114112K
  class space    used 571K, committed 704K, reserved 1048576K
}
Event: 5665.001 GC heap before
{Heap before GC invocations=544 (full 544):
 garbage-first heap   total 14336K, used 3336K [0x0000000709c00000, 0x0000000800000000)
  region size 2048K, 1 young (2048K), 0 survivors (0K)
 Metaspace       used 5290K, committed 5568K, reserved 1114112K
  class space    used 571K, committed 704K, reserved 1048576K
}
Event: 5665.012 GC heap after
{Heap after GC invocations=545 (full 545):
 garbage-first heap   total 14336K, used 3336K [0x0000000709c00000, 0x0000000800000000)
  region size 2048K, 0 young (0K), 0 survivors (0K)
 Metaspace       used 5290K, committed 5568K, reserved 1114112K
  class space    used 571K, committed 704K, reserved 1048576K
}
Event: 5675.216 GC heap before
{Heap before GC invocations=545 (full 545):
 garbage-first heap   total 14336K, used 3336K [0x0000000709c00000, 0x0000000800000000)
  region size 2048K, 1 young (2048K), 0 survivors (0K)
 Metaspace       used 5290K, committed 5568K, reserved 1114112K
  class space    used 571K, committed 704K, reserved 1048576K
}
Event: 5675.231 GC heap after
{Heap after GC invocations=546 (full 546):
 garbage-first heap   total 14336K, used 3336K [0x0000000709c00000, 0x0000000800000000)
  region size 2048K, 0 young (0K), 0 survivors (0K)
 Metaspace       used 5290K, committed 5568K, reserved 1114112K
  class space    used 571K, committed 704K, reserved 1048576K
}
Event: 5695.260 GC heap before
{Heap before GC invocations=546 (full 546):
 garbage-first heap   total 14336K, used 3336K [0x0000000709c00000, 0x0000000800000000)
  region size 2048K, 1 young (2048K), 0 survivors (0K)
 Metaspace       used 5290K, committed 5568K, reserved 1114112K
  class space    used 571K, committed 704K, reserved 1048576K
}

