# JRE version: OpenJDK Runtime Environment Temurin-21.0.6+7 (21.0.6+7) (build 21.0.6+7-LTS)
# Java VM: OpenJDK 64-Bit Server VM Temurin-21.0.6+7 (21.0.6+7-LTS, mixed mode, sharing, tiered, compressed oops, compressed class ptrs, g1 gc, windows-amd64)
GC Precious Log:
 CardTable entry size: 512
 Card Set container configuration: InlinePtr #cards 4 size 8 Array Of Cards #cards 16 size 48 Howl #buckets 8 coarsen threshold 3686 Howl Bitmap #cards 512 size 80 coarsen threshold 460 Card regions per heap region 1 cards per card region 4096
 CPUs: 8 total, 8 available
 Memory: 15754M
 Large Page Support: Disabled
 NUMA Support: Disabled
 Compressed Oops: Enabled (Zero based)
 Heap Region Size: 2M
 Heap Min Capacity: 8M
 Heap Initial Capacity: 248M
 Heap Max Capacity: 3940M
 Pre-touch: Disabled
 Parallel Workers: 8
 Concurrent Workers: 2
 Concurrent Refinement Workers: 8
 Periodic GC: Disabled
Heap:
 garbage-first heap   total 45056K, used 29857K [0x0000000709c00000, 0x0000000800000000)
  region size 2048K, 9 young (18432K), 2 survivors (4096K)
 Metaspace       used 31695K, committed 32704K, reserved 1114112K
  class space    used 3130K, committed 3584K, reserved 1048576K
GC Heap History (16 events):
Event: 1.109 GC heap before
{Heap before GC invocations=0 (full 0):
 garbage-first heap   total 253952K, used 22528K [0x0000000709c00000, 0x0000000800000000)
  region size 2048K, 11 young (22528K), 0 survivors (0K)
 Metaspace       used 3807K, committed 4096K, reserved 1114112K
  class space    used 390K, committed 512K, reserved 1048576K
}
Event: 1.113 GC heap after
{Heap after GC invocations=1 (full 0):
 garbage-first heap   total 253952K, used 4084K [0x0000000709c00000, 0x0000000800000000)
  region size 2048K, 2 young (4096K), 2 survivors (4096K)
 Metaspace       used 3807K, committed 4096K, reserved 1114112K
  class space    used 390K, committed 512K, reserved 1048576K
}
Event: 10.275 GC heap before
{Heap before GC invocations=1 (full 0):
 garbage-first heap   total 253952K, used 32756K [0x0000000709c00000, 0x0000000800000000)
  region size 2048K, 17 young (34816K), 2 survivors (4096K)
 Metaspace       used 9026K, committed 9344K, reserved 1114112K
  class space    used 909K, committed 1088K, reserved 1048576K
}
Event: 10.280 GC heap after
{Heap after GC invocations=2 (full 0):
 garbage-first heap   total 253952K, used 5506K [0x0000000709c00000, 0x0000000800000000)
  region size 2048K, 2 young (4096K), 2 survivors (4096K)
 Metaspace       used 9026K, committed 9344K, reserved 1114112K
  class space    used 909K, committed 1088K, reserved 1048576K
}
Event: 12.445 GC heap before
{Heap before GC invocations=2 (full 0):
 garbage-first heap   total 253952K, used 83330K [0x0000000709c00000, 0x0000000800000000)
  region size 2048K, 42 young (86016K), 2 survivors (4096K)
 Metaspace       used 20936K, committed 21504K, reserved 1114112K
  class space    used 1981K, committed 2240K, reserved 1048576K
}
Event: 12.450 GC heap after
{Heap after GC invocations=3 (full 0):
 garbage-first heap   total 253952K, used 9357K [0x0000000709c00000, 0x0000000800000000)
  region size 2048K, 3 young (6144K), 3 survivors (6144K)
 Metaspace       used 20936K, committed 21504K, reserved 1114112K
  class space    used 1981K, committed 2240K, reserved 1048576K
}
Event: 12.842 GC heap before
{Heap before GC invocations=4 (full 0):
 garbage-first heap   total 34816K, used 33933K [0x0000000709c00000, 0x0000000800000000)
  region size 2048K, 15 young (30720K), 3 survivors (6144K)
 Metaspace       used 22574K, committed 23232K, reserved 1114112K
  class space    used 2094K, committed 2368K, reserved 1048576K
}
Event: 12.847 GC heap after
{Heap after GC invocations=5 (full 0):
 garbage-first heap   total 45056K, used 11514K [0x0000000709c00000, 0x0000000800000000)
  region size 2048K, 5 young (10240K), 5 survivors (10240K)
 Metaspace       used 22574K, committed 23232K, reserved 1114112K
  class space    used 2094K, committed 2368K, reserved 1048576K
}
Event: 13.432 GC heap before
{Heap before GC invocations=5 (full 0):
 garbage-first heap   total 45056K, used 27898K [0x0000000709c00000, 0x0000000800000000)
  region size 2048K, 13 young (26624K), 5 survivors (10240K)
 Metaspace       used 24666K, committed 25280K, reserved 1114112K
  class space    used 2318K, committed 2560K, reserved 1048576K
}
Event: 13.437 GC heap after
{Heap after GC invocations=6 (full 0):
 garbage-first heap   total 45056K, used 13152K [0x0000000709c00000, 0x0000000800000000)
  region size 2048K, 1 young (2048K), 1 survivors (2048K)
 Metaspace       used 24666K, committed 25280K, reserved 1114112K
  class space    used 2318K, committed 2560K, reserved 1048576K
}
Event: 14.091 GC heap before
{Heap before GC invocations=6 (full 0):
 garbage-first heap   total 45056K, used 33632K [0x0000000709c00000, 0x0000000800000000)
  region size 2048K, 12 young (24576K), 1 survivors (2048K)
 Metaspace       used 28137K, committed 28928K, reserved 1114112K
  class space    used 2703K, committed 3008K, reserved 1048576K
}
Event: 14.093 GC heap after
{Heap after GC invocations=7 (full 0):
 garbage-first heap   total 45056K, used 13678K [0x0000000709c00000, 0x0000000800000000)
  region size 2048K, 2 young (4096K), 2 survivors (4096K)
 Metaspace       used 28137K, committed 28928K, reserved 1114112K
  class space    used 2703K, committed 3008K, reserved 1048576K
}
Event: 15.407 GC heap before
{Heap before GC invocations=7 (full 0):
 garbage-first heap   total 45056K, used 32110K [0x0000000709c00000, 0x0000000800000000)
  region size 2048K, 12 young (24576K), 2 survivors (4096K)
 Metaspace       used 31031K, committed 31808K, reserved 1114112K
  class space    used 3010K, committed 3392K, reserved 1048576K
}
Event: 15.411 GC heap after
{Heap after GC invocations=8 (full 0):
 garbage-first heap   total 45056K, used 15520K [0x0000000709c00000, 0x0000000800000000)
  region size 2048K, 2 young (4096K), 2 survivors (4096K)
 Metaspace       used 31031K, committed 31808K, reserved 1114112K
  class space    used 3010K, committed 3392K, reserved 1048576K
}
Event: 15.743 GC heap before
{Heap before GC invocations=8 (full 0):
 garbage-first heap   total 45056K, used 33952K [0x0000000709c00000, 0x0000000800000000)
  region size 2048K, 11 young (22528K), 2 survivors (4096K)
 Metaspace       used 31365K, committed 32256K, reserved 1114112K
  class space    used 3066K, committed 3456K, reserved 1048576K
}
Event: 15.747 GC heap after
{Heap after GC invocations=9 (full 0):
 garbage-first heap   total 45056K, used 17569K [0x0000000709c00000, 0x0000000800000000)
  region size 2048K, 2 young (4096K), 2 survivors (4096K)
 Metaspace       used 31365K, committed 32256K, reserved 1114112K
  class space    used 3066K, committed 3456K, reserved 1048576K
}

