# JRE version: OpenJDK Runtime Environment Temurin-21.0.6+7 (21.0.6+7) (build 21.0.6+7-LTS)
# Java VM: OpenJDK 64-Bit Server VM Temurin-21.0.6+7 (21.0.6+7-LTS, mixed mode, sharing, tiered, compressed oops, compressed class ptrs, g1 gc, windows-amd64)
GC Precious Log:
 CardTable entry size: 512
 Card Set container configuration: InlinePtr #cards 4 size 8 Array Of Cards #cards 16 size 48 Howl #buckets 8 coarsen threshold 3686 Howl Bitmap #cards 512 size 80 coarsen threshold 460 Card regions per heap region 1 cards per card region 4096
 CPUs: 8 total, 8 available
 Memory: 15754M
 Large Page Support: Disabled
 NUMA Support: Disabled
 Compressed Oops: Enabled (Zero based)
 Heap Region Size: 2M
 Heap Min Capacity: 8M
 Heap Initial Capacity: 248M
 Heap Max Capacity: 3940M
 Pre-touch: Disabled
 Parallel Workers: 8
 Concurrent Workers: 2
 Concurrent Refinement Workers: 8
 Periodic GC: Disabled
Heap:
 garbage-first heap   total 479232K, used 348970K [0x0000000709c00000, 0x0000000800000000)
  region size 2048K, 4 young (8192K), 4 survivors (8192K)
 Metaspace       used 46997K, committed 48128K, reserved 1114112K
  class space    used 4895K, committed 5376K, reserved 1048576K
GC Heap History (20 events):
Event: 8.627 GC heap after
{Heap after GC invocations=26 (full 0):
 garbage-first heap   total 249856K, used 104089K [0x0000000709c00000, 0x0000000800000000)
  region size 2048K, 3 young (6144K), 3 survivors (6144K)
 Metaspace       used 46913K, committed 48064K, reserved 1114112K
  class space    used 4892K, committed 5376K, reserved 1048576K
}
Event: 9.039 GC heap before
{Heap before GC invocations=26 (full 0):
 garbage-first heap   total 249856K, used 202393K [0x0000000709c00000, 0x0000000800000000)
  region size 2048K, 50 young (102400K), 3 survivors (6144K)
 Metaspace       used 46913K, committed 48064K, reserved 1114112K
  class space    used 4892K, committed 5376K, reserved 1048576K
}
Event: 9.052 GC heap after
{Heap after GC invocations=27 (full 0):
 garbage-first heap   total 249856K, used 127640K [0x0000000709c00000, 0x0000000800000000)
  region size 2048K, 7 young (14336K), 7 survivors (14336K)
 Metaspace       used 46913K, committed 48064K, reserved 1114112K
  class space    used 4892K, committed 5376K, reserved 1048576K
}
Event: 9.322 GC heap before
{Heap before GC invocations=27 (full 0):
 garbage-first heap   total 249856K, used 207512K [0x0000000709c00000, 0x0000000800000000)
  region size 2048K, 46 young (94208K), 7 survivors (14336K)
 Metaspace       used 46914K, committed 48064K, reserved 1114112K
  class space    used 4892K, committed 5376K, reserved 1048576K
}
Event: 9.332 GC heap after
{Heap after GC invocations=28 (full 0):
 garbage-first heap   total 249856K, used 145657K [0x0000000709c00000, 0x0000000800000000)
  region size 2048K, 6 young (12288K), 6 survivors (12288K)
 Metaspace       used 46914K, committed 48064K, reserved 1114112K
  class space    used 4892K, committed 5376K, reserved 1048576K
}
Event: 9.511 GC heap before
{Heap before GC invocations=28 (full 0):
 garbage-first heap   total 249856K, used 213241K [0x0000000709c00000, 0x0000000800000000)
  region size 2048K, 39 young (79872K), 6 survivors (12288K)
 Metaspace       used 46914K, committed 48064K, reserved 1114112K
  class space    used 4892K, committed 5376K, reserved 1048576K
}
Event: 9.521 GC heap after
{Heap after GC invocations=29 (full 0):
 garbage-first heap   total 249856K, used 161074K [0x0000000709c00000, 0x0000000800000000)
  region size 2048K, 5 young (10240K), 5 survivors (10240K)
 Metaspace       used 46914K, committed 48064K, reserved 1114112K
  class space    used 4892K, committed 5376K, reserved 1048576K
}
Event: 9.673 GC heap before
{Heap before GC invocations=30 (full 0):
 garbage-first heap   total 270336K, used 218418K [0x0000000709c00000, 0x0000000800000000)
  region size 2048K, 33 young (67584K), 5 survivors (10240K)
 Metaspace       used 46914K, committed 48064K, reserved 1114112K
  class space    used 4892K, committed 5376K, reserved 1048576K
}
Event: 9.680 GC heap after
{Heap after GC invocations=31 (full 0):
 garbage-first heap   total 270336K, used 175361K [0x0000000709c00000, 0x0000000800000000)
  region size 2048K, 5 young (10240K), 5 survivors (10240K)
 Metaspace       used 46914K, committed 48064K, reserved 1114112K
  class space    used 4892K, committed 5376K, reserved 1048576K
}
Event: 9.835 GC heap before
{Heap before GC invocations=31 (full 0):
 garbage-first heap   total 270336K, used 240897K [0x0000000709c00000, 0x0000000800000000)
  region size 2048K, 35 young (71680K), 5 survivors (10240K)
 Metaspace       used 46914K, committed 48064K, reserved 1114112K
  class space    used 4892K, committed 5376K, reserved 1048576K
}
Event: 9.845 GC heap after
{Heap after GC invocations=32 (full 0):
 garbage-first heap   total 436224K, used 190091K [0x0000000709c00000, 0x0000000800000000)
  region size 2048K, 5 young (10240K), 5 survivors (10240K)
 Metaspace       used 46914K, committed 48064K, reserved 1114112K
  class space    used 4892K, committed 5376K, reserved 1048576K
}
Event: 10.212 GC heap before
{Heap before GC invocations=32 (full 0):
 garbage-first heap   total 436224K, used 353931K [0x0000000709c00000, 0x0000000800000000)
  region size 2048K, 85 young (174080K), 5 survivors (10240K)
 Metaspace       used 46920K, committed 48064K, reserved 1114112K
  class space    used 4892K, committed 5376K, reserved 1048576K
}
Event: 10.227 GC heap after
{Heap after GC invocations=33 (full 0):
 garbage-first heap   total 436224K, used 224936K [0x0000000709c00000, 0x0000000800000000)
  region size 2048K, 11 young (22528K), 11 survivors (22528K)
 Metaspace       used 46920K, committed 48064K, reserved 1114112K
  class space    used 4892K, committed 5376K, reserved 1048576K
}
Event: 10.475 GC heap before
{Heap before GC invocations=33 (full 0):
 garbage-first heap   total 436224K, used 358056K [0x0000000709c00000, 0x0000000800000000)
  region size 2048K, 76 young (155648K), 11 survivors (22528K)
 Metaspace       used 46920K, committed 48064K, reserved 1114112K
  class space    used 4892K, committed 5376K, reserved 1048576K
}
Event: 10.490 GC heap after
{Heap after GC invocations=34 (full 0):
 garbage-first heap   total 436224K, used 254076K [0x0000000709c00000, 0x0000000800000000)
  region size 2048K, 10 young (20480K), 10 survivors (20480K)
 Metaspace       used 46920K, committed 48064K, reserved 1114112K
  class space    used 4892K, committed 5376K, reserved 1048576K
}
Event: 10.677 GC heap before
{Heap before GC invocations=34 (full 0):
 garbage-first heap   total 436224K, used 372860K [0x0000000709c00000, 0x0000000800000000)
  region size 2048K, 68 young (139264K), 10 survivors (20480K)
 Metaspace       used 46920K, committed 48064K, reserved 1114112K
  class space    used 4892K, committed 5376K, reserved 1048576K
}
Event: 10.690 GC heap after
{Heap after GC invocations=35 (full 0):
 garbage-first heap   total 436224K, used 287018K [0x0000000709c00000, 0x0000000800000000)
  region size 2048K, 9 young (18432K), 9 survivors (18432K)
 Metaspace       used 46920K, committed 48064K, reserved 1114112K
  class space    used 4892K, committed 5376K, reserved 1048576K
}
Event: 11.525 GC heap before
{Heap before GC invocations=36 (full 0):
 garbage-first heap   total 479232K, used 381226K [0x0000000709c00000, 0x0000000800000000)
  region size 2048K, 55 young (112640K), 9 survivors (18432K)
 Metaspace       used 46949K, committed 48064K, reserved 1114112K
  class space    used 4892K, committed 5376K, reserved 1048576K
}
Event: 11.549 GC heap after
{Heap after GC invocations=37 (full 0):
 garbage-first heap   total 479232K, used 343720K [0x0000000709c00000, 0x0000000800000000)
  region size 2048K, 7 young (14336K), 7 survivors (14336K)
 Metaspace       used 46949K, committed 48064K, reserved 1114112K
  class space    used 4892K, committed 5376K, reserved 1048576K
}
Event: 12.201 GC heap before
{Heap before GC invocations=37 (full 0):
 garbage-first heap   total 479232K, used 411304K [0x0000000709c00000, 0x0000000800000000)
  region size 2048K, 40 young (81920K), 7 survivors (14336K)
 Metaspace       used 46997K, committed 48128K, reserved 1114112K
  class space    used 4895K, committed 5376K, reserved 1048576K
}

