# JRE version: OpenJDK Runtime Environment Temurin-21.0.6+7 (21.0.6+7) (build 21.0.6+7-LTS)
# Java VM: OpenJDK 64-Bit Server VM Temurin-21.0.6+7 (21.0.6+7-LTS, mixed mode, sharing, tiered, compressed oops, compressed class ptrs, g1 gc, windows-amd64)
GC Precious Log:
 CardTable entry size: 512
 Card Set container configuration: InlinePtr #cards 4 size 8 Array Of Cards #cards 16 size 48 Howl #buckets 8 coarsen threshold 3686 Howl Bitmap #cards 512 size 80 coarsen threshold 460 Card regions per heap region 1 cards per card region 4096
 CPUs: 8 total, 8 available
 Memory: 15754M
 Large Page Support: Disabled
 NUMA Support: Disabled
 Compressed Oops: Enabled (Zero based)
 Heap Region Size: 2M
 Heap Min Capacity: 8M
 Heap Initial Capacity: 248M
 Heap Max Capacity: 3940M
 Pre-touch: Disabled
 Parallel Workers: 8
 Concurrent Workers: 2
 Concurrent Refinement Workers: 8
 Periodic GC: Disabled
Heap:
 garbage-first heap   total 45056K, used 19963K [0x0000000709c00000, 0x0000000800000000)
  region size 2048K, 2 young (4096K), 2 survivors (4096K)
 Metaspace       used 31496K, committed 32320K, reserved 1114112K
  class space    used 3087K, committed 3456K, reserved 1048576K
GC Heap History (17 events):
Event: 0.791 GC heap before
{Heap before GC invocations=0 (full 0):
 garbage-first heap   total 253952K, used 22528K [0x0000000709c00000, 0x0000000800000000)
  region size 2048K, 11 young (22528K), 0 survivors (0K)
 Metaspace       used 3798K, committed 4096K, reserved 1114112K
  class space    used 388K, committed 512K, reserved 1048576K
}
Event: 0.795 GC heap after
{Heap after GC invocations=1 (full 0):
 garbage-first heap   total 253952K, used 4044K [0x0000000709c00000, 0x0000000800000000)
  region size 2048K, 2 young (4096K), 2 survivors (4096K)
 Metaspace       used 3798K, committed 4096K, reserved 1114112K
  class space    used 388K, committed 512K, reserved 1048576K
}
Event: 1.659 GC heap before
{Heap before GC invocations=1 (full 0):
 garbage-first heap   total 253952K, used 32716K [0x0000000709c00000, 0x0000000800000000)
  region size 2048K, 17 young (34816K), 2 survivors (4096K)
 Metaspace       used 8883K, committed 9216K, reserved 1114112K
  class space    used 897K, committed 1088K, reserved 1048576K
}
Event: 1.664 GC heap after
{Heap after GC invocations=2 (full 0):
 garbage-first heap   total 253952K, used 5506K [0x0000000709c00000, 0x0000000800000000)
  region size 2048K, 2 young (4096K), 2 survivors (4096K)
 Metaspace       used 8883K, committed 9216K, reserved 1114112K
  class space    used 897K, committed 1088K, reserved 1048576K
}
Event: 3.276 GC heap before
{Heap before GC invocations=2 (full 0):
 garbage-first heap   total 253952K, used 81282K [0x0000000709c00000, 0x0000000800000000)
  region size 2048K, 41 young (83968K), 2 survivors (4096K)
 Metaspace       used 20917K, committed 21504K, reserved 1114112K
  class space    used 1978K, committed 2240K, reserved 1048576K
}
Event: 3.281 GC heap after
{Heap after GC invocations=3 (full 0):
 garbage-first heap   total 253952K, used 9230K [0x0000000709c00000, 0x0000000800000000)
  region size 2048K, 3 young (6144K), 3 survivors (6144K)
 Metaspace       used 20917K, committed 21504K, reserved 1114112K
  class space    used 1978K, committed 2240K, reserved 1048576K
}
Event: 3.562 GC heap before
{Heap before GC invocations=4 (full 0):
 garbage-first heap   total 34816K, used 33806K [0x0000000709c00000, 0x0000000800000000)
  region size 2048K, 15 young (30720K), 3 survivors (6144K)
 Metaspace       used 22721K, committed 23424K, reserved 1114112K
  class space    used 2106K, committed 2368K, reserved 1048576K
}
Event: 3.566 GC heap after
{Heap after GC invocations=5 (full 0):
 garbage-first heap   total 45056K, used 11834K [0x0000000709c00000, 0x0000000800000000)
  region size 2048K, 5 young (10240K), 5 survivors (10240K)
 Metaspace       used 22721K, committed 23424K, reserved 1114112K
  class space    used 2106K, committed 2368K, reserved 1048576K
}
Event: 4.014 GC heap before
{Heap before GC invocations=5 (full 0):
 garbage-first heap   total 45056K, used 28218K [0x0000000709c00000, 0x0000000800000000)
  region size 2048K, 13 young (26624K), 5 survivors (10240K)
 Metaspace       used 24791K, committed 25472K, reserved 1114112K
  class space    used 2334K, committed 2624K, reserved 1048576K
}
Event: 4.019 GC heap after
{Heap after GC invocations=6 (full 0):
 garbage-first heap   total 45056K, used 13352K [0x0000000709c00000, 0x0000000800000000)
  region size 2048K, 1 young (2048K), 1 survivors (2048K)
 Metaspace       used 24791K, committed 25472K, reserved 1114112K
  class space    used 2334K, committed 2624K, reserved 1048576K
}
Event: 4.324 GC heap before
{Heap before GC invocations=6 (full 0):
 garbage-first heap   total 45056K, used 33832K [0x0000000709c00000, 0x0000000800000000)
  region size 2048K, 12 young (24576K), 1 survivors (2048K)
 Metaspace       used 28190K, committed 28992K, reserved 1114112K
  class space    used 2723K, committed 3072K, reserved 1048576K
}
Event: 4.327 GC heap after
{Heap after GC invocations=7 (full 0):
 garbage-first heap   total 45056K, used 14023K [0x0000000709c00000, 0x0000000800000000)
  region size 2048K, 2 young (4096K), 2 survivors (4096K)
 Metaspace       used 28190K, committed 28992K, reserved 1114112K
  class space    used 2723K, committed 3072K, reserved 1048576K
}
Event: 9.281 GC heap before
{Heap before GC invocations=7 (full 0):
 garbage-first heap   total 45056K, used 34503K [0x0000000709c00000, 0x0000000800000000)
  region size 2048K, 12 young (24576K), 2 survivors (4096K)
 Metaspace       used 30980K, committed 31744K, reserved 1114112K
  class space    used 3009K, committed 3328K, reserved 1048576K
}
Event: 9.284 GC heap after
{Heap after GC invocations=8 (full 0):
 garbage-first heap   total 45056K, used 15819K [0x0000000709c00000, 0x0000000800000000)
  region size 2048K, 2 young (4096K), 2 survivors (4096K)
 Metaspace       used 30980K, committed 31744K, reserved 1114112K
  class space    used 3009K, committed 3328K, reserved 1048576K
}
Event: 9.379 GC heap before
{Heap before GC invocations=8 (full 0):
 garbage-first heap   total 45056K, used 34251K [0x0000000709c00000, 0x0000000800000000)
  region size 2048K, 11 young (22528K), 2 survivors (4096K)
 Metaspace       used 31113K, committed 31936K, reserved 1114112K
  class space    used 3031K, committed 3392K, reserved 1048576K
}
Event: 9.382 GC heap after
{Heap after GC invocations=9 (full 0):
 garbage-first heap   total 45056K, used 17828K [0x0000000709c00000, 0x0000000800000000)
  region size 2048K, 2 young (4096K), 2 survivors (4096K)
 Metaspace       used 31113K, committed 31936K, reserved 1114112K
  class space    used 3031K, committed 3392K, reserved 1048576K
}
Event: 9.483 GC heap before
{Heap before GC invocations=9 (full 0):
 garbage-first heap   total 45056K, used 36260K [0x0000000709c00000, 0x0000000800000000)
  region size 2048K, 11 young (22528K), 2 survivors (4096K)
 Metaspace       used 31496K, committed 32320K, reserved 1114112K
  class space    used 3087K, committed 3456K, reserved 1048576K
}

